TwoWayView/sample/build/outputs/apk/manifest-merger-debug-report.txt
-- Merging decision tree log ---
manifest
ADDED from AndroidManifest.xml:18:1
	xmlns:android
		ADDED from AndroidManifest.xml:18:11
	package
		ADDED from AndroidManifest.xml:19:11
	android:versionName
		ADDED from AndroidManifest.xml:21:11
	android:versionCode
		ADDED from AndroidManifest.xml:20:11
		INJECTED from AndroidManifest.xml:0:0
		INJECTED from AndroidManifest.xml:0:0
uses-sdk
ADDED from AndroidManifest.xml:23:5
MERGED from TwoWayView:twowayview:unspecified:22:5
	android:targetSdkVersion
		ADDED from AndroidManifest.xml:24:15
	android:minSdkVersion
		ADDED from AndroidManifest.xml:23:15
uses-permission#android.permission.INTERNET
ADDED from AndroidManifest.xml:26:5
	android:name
		ADDED from AndroidManifest.xml:26:22
application
ADDED from AndroidManifest.xml:28:5
MERGED from TwoWayView:twowayview:unspecified:26:5
	android:label
		ADDED from AndroidManifest.xml:29:18
	android:icon
		ADDED from AndroidManifest.xml:28:18
activity#org.lucasr.twowayview.sample.MainActivity
ADDED from AndroidManifest.xml:31:9
	android:name
		ADDED from AndroidManifest.xml:31:19
intent-filter#android.intent.action.MAIN+android.intent.category.LAUNCHER
ADDED from AndroidManifest.xml:32:13
action#android.intent.action.MAIN
ADDED from AndroidManifest.xml:33:17
	android:name
		ADDED from AndroidManifest.xml:33:25
category#android.intent.category.LAUNCHER
ADDED from AndroidManifest.xml:34:17
	android:name
		ADDED from AndroidManifest.xml:34:27